app/build/intermediates/manifest_merge_blame_file/debug/manifest-merger-blame-debug-report.txt
1<?xml version="1.0" encoding="utf-8"?>
2<manifest xmlns:android="http://schemas.android.com/apk/res/android"
3    package="com.danielburgnerjr.cowsbells"
4    android:versionName="1.0" >
5
6    <uses-sdk
7        android:minSdkVersion="14"
7-->src/main/AndroidManifest.xml
8        android:targetSdkVersion="29" />
8-->src/main/AndroidManifest.xml
9
10    <uses-permission android:name="android.permission.WRITE_EXTERNAL_STORAGE" />
10-->src/main/AndroidManifest.xml:5:5-81
10-->src/main/AndroidManifest.xml:5:22-78
11    <uses-permission android:name="android.permission.READ_PHONE_STATE" />
11-->src/main/AndroidManifest.xml:6:5-75
11-->src/main/AndroidManifest.xml:6:22-72
12    <uses-permission android:name="android.permission.READ_EXTERNAL_STORAGE" />
12-->src/main/AndroidManifest.xml:7:5-80
12-->src/main/AndroidManifest.xml:7:22-77
13
14    <!-- Include required permissions for Google Mobile Ads to run -->
15    <uses-permission android:name="android.permission.INTERNET" />
15-->[com.google.android.gms:play-services-ads-lite:18.2.0] AndroidManifest.xml:23:5-67
15-->[com.google.android.gms:play-services-ads-lite:18.2.0] AndroidManifest.xml:23:22-64
16    <uses-permission android:name="android.permission.ACCESS_NETWORK_STATE" />
16-->[com.google.android.gms:play-services-ads-lite:18.2.0] AndroidManifest.xml:24:5-79
16-->[com.google.android.gms:play-services-ads-lite:18.2.0] AndroidManifest.xml:24:22-76
17    <uses-permission android:name="android.permission.WAKE_LOCK" />
17-->[com.google.android.gms:play-services-measurement:17.0.0] AndroidManifest.xml:25:5-68
17-->[com.google.android.gms:play-services-measurement:17.0.0] AndroidManifest.xml:25:22-65
18    <uses-permission android:name="com.google.android.finsky.permission.BIND_GET_INSTALL_REFERRER_SERVICE" />
18-->[com.google.android.gms:play-services-measurement:17.0.0] AndroidManifest.xml:26:5-110
18-->[com.google.android.gms:play-services-measurement:17.0.0] AndroidManifest.xml:26:22-107
19
20    <application
20-->src/main/AndroidManifest.xml:9:5-31:19
21        android:allowBackup="true"
21-->src/main/AndroidManifest.xml:10:9-35
22        android:appComponentFactory="androidx.core.app.CoreComponentFactory"
22-->[androidx.core:core:1.0.0] AndroidManifest.xml:22:18-86
23        android:debuggable="true"
24        android:icon="@drawable/ic_launcher"
24-->src/main/AndroidManifest.xml:11:9-45
25        android:label="@string/app_name"
25-->src/main/AndroidManifest.xml:12:9-41
26        android:theme="@style/CowsBellsOpenScreenTheme" >
26-->src/main/AndroidManifest.xml:13:9-56
27        <activity
27-->src/main/AndroidManifest.xml:14:9-22:20
28            android:name="com.danielburgnerjr.cowsbells.MainActivity"
28-->src/main/AndroidManifest.xml:15:13-41
29            android:label="@string/app_name" >
29-->src/main/AndroidManifest.xml:16:13-45
30            <intent-filter>
30-->src/main/AndroidManifest.xml:17:13-21:29
31                <action android:name="android.intent.action.MAIN" />
31-->src/main/AndroidManifest.xml:18:17-69
31-->src/main/AndroidManifest.xml:18:25-66
32
33                <category android:name="android.intent.category.LAUNCHER" />
33-->src/main/AndroidManifest.xml:20:17-77
33-->src/main/AndroidManifest.xml:20:27-74
34            </intent-filter>
35        </activity>
36        <activity
36-->src/main/AndroidManifest.xml:23:9-26:60
37            android:name="com.danielburgnerjr.cowsbells.GameActivity"
37-->src/main/AndroidManifest.xml:24:13-41
38            android:label="New Game"
38-->src/main/AndroidManifest.xml:25:13-37
39            android:theme="@style/AppBaseTheme" />
39-->src/main/AndroidManifest.xml:26:13-48
40        <activity
40-->src/main/AndroidManifest.xml:27:9-30:60
41            android:name="com.danielburgnerjr.cowsbells.HowToPlayActivity"
41-->src/main/AndroidManifest.xml:28:13-46
42            android:label="How To Play"
42-->src/main/AndroidManifest.xml:29:13-40
43            android:theme="@style/AppBaseTheme" />
43-->src/main/AndroidManifest.xml:30:13-48
44        <!-- Include the AdActivity and InAppPurchaseActivity configChanges and themes. -->
45        <activity
45-->[com.google.android.gms:play-services-ads-lite:18.2.0] AndroidManifest.xml:29:9-33:64
46            android:name="com.google.android.gms.ads.AdActivity"
46-->[com.google.android.gms:play-services-ads-lite:18.2.0] AndroidManifest.xml:30:13-65
47            android:configChanges="keyboard|keyboardHidden|orientation|screenLayout|uiMode|screenSize|smallestScreenSize"
47-->[com.google.android.gms:play-services-ads-lite:18.2.0] AndroidManifest.xml:31:13-122
48            android:exported="false"
48-->[com.google.android.gms:play-services-ads-lite:18.2.0] AndroidManifest.xml:32:13-37
49            android:theme="@android:style/Theme.Translucent" />
49-->[com.google.android.gms:play-services-ads-lite:18.2.0] AndroidManifest.xml:33:13-61
50
51        <provider
51-->[com.google.android.gms:play-services-ads-lite:18.2.0] AndroidManifest.xml:35:9-39:39
52            android:name="com.google.android.gms.ads.MobileAdsInitProvider"
52-->[com.google.android.gms:play-services-ads-lite:18.2.0] AndroidManifest.xml:36:13-76
53            android:authorities="com.danielburgnerjr.cowsbells.mobileadsinitprovider"
53-->[com.google.android.gms:play-services-ads-lite:18.2.0] AndroidManifest.xml:37:13-73
54            android:exported="false"
54-->[com.google.android.gms:play-services-ads-lite:18.2.0] AndroidManifest.xml:38:13-37
55            android:initOrder="100" />
55-->[com.google.android.gms:play-services-ads-lite:18.2.0] AndroidManifest.xml:39:13-36
56
57        <receiver
57-->[com.google.android.gms:play-services-measurement:17.0.0] AndroidManifest.xml:29:9-33:20
58            android:name="com.google.android.gms.measurement.AppMeasurementReceiver"
58-->[com.google.android.gms:play-services-measurement:17.0.0] AndroidManifest.xml:30:13-85
59            android:enabled="true"
59-->[com.google.android.gms:play-services-measurement:17.0.0] AndroidManifest.xml:31:13-35
60            android:exported="false" >
60-->[com.google.android.gms:play-services-measurement:17.0.0] AndroidManifest.xml:32:13-37
61        </receiver>
62        <receiver
62-->[com.google.android.gms:play-services-measurement:17.0.0] AndroidManifest.xml:34:9-42:20
63            android:name="com.google.android.gms.measurement.AppMeasurementInstallReferrerReceiver"
63-->[com.google.android.gms:play-services-measurement:17.0.0] AndroidManifest.xml:35:13-100
64            android:enabled="true"
64-->[com.google.android.gms:play-services-measurement:17.0.0] AndroidManifest.xml:36:13-35
65            android:exported="true"
65-->[com.google.android.gms:play-services-measurement:17.0.0] AndroidManifest.xml:37:13-36
66            android:permission="android.permission.INSTALL_PACKAGES" >
66-->[com.google.android.gms:play-services-measurement:17.0.0] AndroidManifest.xml:38:13-69
67            <intent-filter>
67-->[com.google.android.gms:play-services-measurement:17.0.0] AndroidManifest.xml:39:13-41:29
68                <action android:name="com.android.vending.INSTALL_REFERRER" />
68-->[com.google.android.gms:play-services-measurement:17.0.0] AndroidManifest.xml:40:17-79
68-->[com.google.android.gms:play-services-measurement:17.0.0] AndroidManifest.xml:40:25-76
69            </intent-filter>
70        </receiver>
71
72        <service
72-->[com.google.android.gms:play-services-measurement:17.0.0] AndroidManifest.xml:44:9-47:40
73            android:name="com.google.android.gms.measurement.AppMeasurementService"
73-->[com.google.android.gms:play-services-measurement:17.0.0] AndroidManifest.xml:45:13-84
74            android:enabled="true"
74-->[com.google.android.gms:play-services-measurement:17.0.0] AndroidManifest.xml:46:13-35
75            android:exported="false" />
75-->[com.google.android.gms:play-services-measurement:17.0.0] AndroidManifest.xml:47:13-37
76        <service
76-->[com.google.android.gms:play-services-measurement:17.0.0] AndroidManifest.xml:48:9-52:72
77            android:name="com.google.android.gms.measurement.AppMeasurementJobService"
77-->[com.google.android.gms:play-services-measurement:17.0.0] AndroidManifest.xml:49:13-87
78            android:enabled="true"
78-->[com.google.android.gms:play-services-measurement:17.0.0] AndroidManifest.xml:50:13-35
79            android:exported="false"
79-->[com.google.android.gms:play-services-measurement:17.0.0] AndroidManifest.xml:51:13-37
80            android:permission="android.permission.BIND_JOB_SERVICE" />
80-->[com.google.android.gms:play-services-measurement:17.0.0] AndroidManifest.xml:52:13-69
81
82        <meta-data
82-->[com.google.android.gms:play-services-basement:17.0.0] AndroidManifest.xml:23:9-25:69
83            android:name="com.google.android.gms.version"
83-->[com.google.android.gms:play-services-basement:17.0.0] AndroidManifest.xml:24:13-58
84            android:value="@integer/google_play_services_version" />
84-->[com.google.android.gms:play-services-basement:17.0.0] AndroidManifest.xml:25:13-66
85    </application>
86
87</manifest>